Arguments: 
  C:\Program Files\nodejs\node.exe C:\Users\student\AppData\Roaming\npm\node_modules\yarn\bin\yarn.js install

PATH: 
  C:\Users\student\Downloads\cmder\bin;C:\Users\student\Downloads\cmder\vendor\bin;C:\Program Files\dotnet\;C:\Program Files\nodejs\;C:\Users\student\IdeaProjects\javaspring\apache-maven-3.6.1\bin;C:\Users\student\AppData\Roaming\npm\node_modules;C:\Program Files (x86)\Common Files\Oracle\Java\javapath;C:\Windows\system32;C:\Windows;C:\Windows\System32\Wbem;C:\Windows\System32\WindowsPowerShell\v1.0\;C:\Program Files\Geth;C:\Program Files\Git\cmd;C:\Users\student\AppData\Local\Programs\Microsoft VS Code\bin;C:\Users\student\AppData\Roaming\npm;C:\Program Files\Git\cmd;C:\Program Files\Git\mingw64\bin;C:\Program Files\Git\usr\bin;C:\Users\student\Downloads\cmder

Yarn version: 
  1.17.3

Node version: 
  10.16.0

Platform: 
  win32 x64

Trace: 
  SyntaxError: C:\Work\chap10_p\package.json: Unexpected token / in JSON at position 166
      at JSON.parse (<anonymous>)
      at C:\Users\student\AppData\Roaming\npm\node_modules\yarn\lib\cli.js:1625:59
      at Generator.next (<anonymous>)
      at step (C:\Users\student\AppData\Roaming\npm\node_modules\yarn\lib\cli.js:304:30)
      at C:\Users\student\AppData\Roaming\npm\node_modules\yarn\lib\cli.js:315:13

npm manifest: 
  {
    "name": "chap09_p",
    "version": "1.0.0",
    "description": "",
    "main": "index.js",
    "scripts": {
      "test": "echo \"Error: no test specified\" && exit 1"
      //"start" : "node app.js"       // 라고 정의 해 놓으면 해당 파일이 메인 파일이 됨
    },
    "author": "",
    "license": "ISC",
    "dependencies": {
      "connect-flash": "^0.1.1",
      "cookie-parser": "^1.4.4",
      "ejs": "^2.6.2",
      "express": "^4.17.1",
      "express-session": "^1.16.2",
      "flash": "^1.1.0",
      "morgan": "^1.9.1",
      "pbkdf2-password": "^1.2.1",
      "session-file-store": "^1.3.0"
    },
    "devDependencies": {
      "nodemon": "^1.19.1"
    }
  }

yarn manifest: 
  No manifest

Lockfile: 
  No lockfile
